<?xml version="1.0" encoding="UTF-8"?>
<testsuite xmlns:xsi="http://www.w3.org/2001/XMLSchema-instance" xsi:noNamespaceSchemaLocation="https://maven.apache.org/surefire/maven-surefire-plugin/xsd/surefire-test-report.xsd" version="3.0.2" name="com.ssafy.revibek.RevibeKApplicationTests" time="2.92" tests="1" errors="0" skipped="0" failures="0" flakes="0">
  <properties>
[...]
</properties>
  <testcase name="contextLoads" classname="com.ssafy.revibek.RevibeKApplicationTests" time="0.575">
    <system-out><![CDATA[15:22:29.506 [main] INFO org.springframework.test.context.support.AnnotationConfigContextLoaderUtils -- Could not detect default configuration classes for test class [com.ssafy.revibek.RevibeKApplicationTests]: RevibeKApplicationTests does not declare any static, non-private, non-final, nested classes annotated with @Configuration.
15:22:29.588 [main] INFO org.springframework.boot.test.context.SpringBootTestContextBootstrapper -- Found @SpringBootConfiguration com.ssafy.revibek.RevibeKApplication for test class com.ssafy.revibek.RevibeKApplicationTests
15:22:29.660 [main] INFO org.springframework.test.context.support.AnnotationConfigContextLoaderUtils -- Could not detect default configuration classes for test class [com.ssafy.revibek.RevibeKApplicationTests]: RevibeKApplicationTests does not declare any static, non-private, non-final, nested classes annotated with @Configuration.
15:22:29.661 [main] INFO org.springframework.boot.test.context.SpringBootTestContextBootstrapper -- Found @SpringBootConfiguration com.ssafy.revibek.RevibeKApplication for test class com.ssafy.revibek.RevibeKApplicationTests
15:22:29.722 [main] INFO org.springframework.boot.devtools.restart.RestartApplicationListener -- Restart disabled due to context in which it is running

  .   ____          _            __ _ _
 /\\ / ___'_ __ _ _(_)_ __  __ _ \ \ \ \
( ( )\___ | '_ | '_| | '_ \/ _` | \ \ \ \
 \\/  ___)| |_)| | | | | || (_| |  ) ) ) )
  '  |____| .__|_| |_|_| |_\__, | / / / /
 =========|_|==============|___/=/_/_/_/

 :: Spring Boot ::                (v4.0.6)

2026-05-26T15:22:29.908+09:00  INFO 20084 --- [RevibeK] [           main] c.ssafy.revibek.RevibeKApplicationTests  : Starting RevibeKApplicationTests using Java 25.0.3 with PID 20084 (started by SSAFY in C:\pjt\RevibeK\RevibeK)
2026-05-26T15:22:29.909+09:00  INFO 20084 --- [RevibeK] [           main] c.ssafy.revibek.RevibeKApplicationTests  : No active profile set, falling back to 1 default profile: "default"
2026-05-26T15:22:31.376+09:00  WARN 20084 --- [RevibeK] [           main] .s.a.UserDetailsServiceAutoConfiguration : 

Using generated security password: eb598548-9fec-42a1-93d0-db62c7716ebf

This generated password is for development use only. Your security configuration must be updated before running your application in production.

2026-05-26T15:22:31.417+09:00  INFO 20084 --- [RevibeK] [           main] r$InitializeUserDetailsManagerConfigurer : Global AuthenticationManager configured with UserDetailsService bean with name inMemoryUserDetailsManager
2026-05-26T15:22:31.692+09:00  INFO 20084 --- [RevibeK] [           main] c.ssafy.revibek.RevibeKApplicationTests  : Started RevibeKApplicationTests in 1.978 seconds (process running for 2.786)
]]></system-out>
    <system-err><![CDATA[Mockito is currently self-attaching to enable the inline-mock-maker. This will no longer work in future releases of the JDK. Please add Mockito as an agent to your build as described in Mockito's documentation: https://javadoc.io/doc/org.mockito/mockito-core/latest/org.mockito/org/mockito/Mockito.html#0.3
WARNING: A Java agent has been loaded dynamically (C:\Users\SSAFY\.m2\repository\net\bytebuddy\byte-buddy-agent\1.17.8\byte-buddy-agent-1.17.8.jar)
WARNING: If a serviceability tool is in use, please run with -XX:+EnableDynamicAgentLoading to hide this warning
WARNING: If a serviceability tool is not in use, please run with -Djdk.instrument.traceUsage for more information
WARNING: Dynamic loading of agents will be disallowed by default in a future release
]]></system-err>
  </testcase>
</testsuite>